<?xml version="1.0" encoding="UTF-8"?>
<testsuite name="string.UpperLowerTest" tests="1" skipped="0" failures="0" errors="0" timestamp="2022-02-09T10:23:57" hostname="ato-MacBookPro.local" time="0.052">
  <properties/>
  <testcase name="대문자를 소문자로 변환한다." classname="string.UpperLowerTest" time="0.052"/>
  <system-out><![CDATA[]]></system-out>
  <system-err><![CDATA[]]></system-err>
</testsuite>
